<?xml version="1.0" encoding="UTF-8"?>
<testsuite xmlns:xsi="http://www.w3.org/2001/XMLSchema-instance" xsi:noNamespaceSchemaLocation="https://maven.apache.org/surefire/maven-surefire-plugin/xsd/surefire-test-report.xsd" name="MorraTest" time="0.373" tests="547" errors="0" skipped="0" failures="0">
  <properties>
[...]
</properties>
  <testcase name="test117" classname="MorraTest" time="0.012"/>
  <testcase name="test121" classname="MorraTest" time="0"/>
  <testcase name="test133" classname="MorraTest" time="0.001"/>
  <testcase name="test135" classname="MorraTest" time="0.001"/>
  <testcase name="test138" classname="MorraTest" time="0.001"/>
  <testcase name="test149" classname="MorraTest" time="0.001"/>
  <testcase name="test159" classname="MorraTest" time="0"/>
  <testcase name="test173" classname="MorraTest" time="0"/>
  <testcase name="test192" classname="MorraTest" time="0"/>
  <testcase name="test205" classname="MorraTest" time="0.001"/>
  <testcase name="test222" classname="MorraTest" time="0.001"/>
  <testcase name="test234" classname="MorraTest" time="0"/>
  <testcase name="test235" classname="MorraTest" time="0"/>
  <testcase name="test241" classname="MorraTest" time="0"/>
  <testcase name="test244" classname="MorraTest" time="0"/>
  <testcase name="test253" classname="MorraTest" time="0.001"/>
  <testcase name="test256" classname="MorraTest" time="0"/>
  <testcase name="test260" classname="MorraTest" time="0"/>
  <testcase name="test262" classname="MorraTest" time="0"/>
  <testcase name="test274" classname="MorraTest" time="0.001"/>
  <testcase name="test275" classname="MorraTest" time="0.001"/>
  <testcase name="test279" classname="MorraTest" time="0.001"/>
  <testcase name="test280" classname="MorraTest" time="0.001"/>
  <testcase name="test282" classname="MorraTest" time="0"/>
  <testcase name="test291" classname="MorraTest" time="0"/>
  <testcase name="test307" classname="MorraTest" time="0.001"/>
  <testcase name="test314" classname="MorraTest" time="0.001"/>
  <testcase name="test317" classname="MorraTest" time="0.001"/>
  <testcase name="test323" classname="MorraTest" time="0.001"/>
  <testcase name="test329" classname="MorraTest" time="0.001"/>
  <testcase name="test330" classname="MorraTest" time="0"/>
  <testcase name="test341" classname="MorraTest" time="0"/>
  <testcase name="test354" classname="MorraTest" time="0"/>
  <testcase name="test366" classname="MorraTest" time="0.001"/>
  <testcase name="test369" classname="MorraTest" time="0.001"/>
  <testcase name="test386" classname="MorraTest" time="0"/>
  <testcase name="test387" classname="MorraTest" time="0.001"/>
  <testcase name="test417" classname="MorraTest" time="0"/>
  <testcase name="test422" classname="MorraTest" time="0.001"/>
  <testcase name="test426" classname="MorraTest" time="0"/>
  <testcase name="test431" classname="MorraTest" time="0"/>
  <testcase name="test435" classname="MorraTest" time="0.001"/>
  <testcase name="test437" classname="MorraTest" time="0"/>
  <testcase name="test446" classname="MorraTest" time="0"/>
  <testcase name="test449" classname="MorraTest" time="0"/>
  <testcase name="test451" classname="MorraTest" time="0.001"/>
  <testcase name="test462" classname="MorraTest" time="0"/>
  <testcase name="test465" classname="MorraTest" time="0"/>
  <testcase name="test471" classname="MorraTest" time="0"/>
  <testcase name="test476" classname="MorraTest" time="0"/>
  <testcase name="test477" classname="MorraTest" time="0"/>
  <testcase name="test480" classname="MorraTest" time="0.001"/>
  <testcase name="test491" classname="MorraTest" time="0.001"/>
  <testcase name="test492" classname="MorraTest" time="0"/>
  <testcase name="test495" classname="MorraTest" time="0"/>
  <testcase name="test500" classname="MorraTest" time="0.001"/>
  <testcase name="test505" classname="MorraTest" time="0"/>
  <testcase name="test506" classname="MorraTest" time="0"/>
  <testcase name="test508" classname="MorraTest" time="0"/>
  <testcase name="test511" classname="MorraTest" time="0.001"/>
  <testcase name="test529" classname="MorraTest" time="0.001"/>
  <testcase name="test531" classname="MorraTest" time="0"/>
  <testcase name="test539" classname="MorraTest" time="0.001"/>
  <testcase name="test553" classname="MorraTest" time="0.001"/>
  <testcase name="test568" classname="MorraTest" time="0"/>
  <testcase name="test571" classname="MorraTest" time="0.001"/>
  <testcase name="test580" classname="MorraTest" time="0"/>
  <testcase name="test584" classname="MorraTest" time="0.001"/>
  <testcase name="test585" classname="MorraTest" time="0.001"/>
  <testcase name="test599" classname="MorraTest" time="0.001"/>
  <testcase name="test607" classname="MorraTest" time="0"/>
  <testcase name="test610" classname="MorraTest" time="0"/>
  <testcase name="test616" classname="MorraTest" time="0.001"/>
  <testcase name="test620" classname="MorraTest" time="0"/>
  <testcase name="test627" classname="MorraTest" time="0"/>
  <testcase name="test644" classname="MorraTest" time="0"/>
  <testcase name="test654" classname="MorraTest" time="0"/>
  <testcase name="test664" classname="MorraTest" time="0"/>
  <testcase name="test686" classname="MorraTest" time="0.001"/>
  <testcase name="test690" classname="MorraTest" time="0.001"/>
  <testcase name="test707" classname="MorraTest" time="0"/>
  <testcase name="test709" classname="MorraTest" time="0"/>
  <testcase name="test723" classname="MorraTest" time="0"/>
  <testcase name="test731" classname="MorraTest" time="0"/>
  <testcase name="test748" classname="MorraTest" time="0.001"/>
  <testcase name="test750" classname="MorraTest" time="0.001"/>
  <testcase name="test751" classname="MorraTest" time="0"/>
  <testcase name="test757" classname="MorraTest" time="0"/>
  <testcase name="test758" classname="MorraTest" time="0.001"/>
  <testcase name="test762" classname="MorraTest" time="0"/>
  <testcase name="test768" classname="MorraTest" time="0"/>
  <testcase name="test772" classname="MorraTest" time="0.001"/>
  <testcase name="test775" classname="MorraTest" time="0"/>
  <testcase name="test776" classname="MorraTest" time="0"/>
  <testcase name="test782" classname="MorraTest" time="0.001"/>
  <testcase name="test805" classname="MorraTest" time="0"/>
  <testcase name="test810" classname="MorraTest" time="0"/>
  <testcase name="test817" classname="MorraTest" time="0.001"/>
  <testcase name="test827" classname="MorraTest" time="0"/>
  <testcase name="test832" classname="MorraTest" time="0"/>
  <testcase name="test840" classname="MorraTest" time="0"/>
  <testcase name="test862" classname="MorraTest" time="0"/>
  <testcase name="test865" classname="MorraTest" time="0"/>
  <testcase name="test868" classname="MorraTest" time="0"/>
  <testcase name="test869" classname="MorraTest" time="0"/>
  <testcase name="test891" classname="MorraTest" time="0.001"/>
  <testcase name="test900" classname="MorraTest" time="0"/>
  <testcase name="test907" classname="MorraTest" time="0"/>
  <testcase name="test914" classname="MorraTest" time="0.001"/>
  <testcase name="test920" classname="MorraTest" time="0"/>
  <testcase name="test921" classname="MorraTest" time="0"/>
  <testcase name="test928" classname="MorraTest" time="0.001"/>
  <testcase name="test931" classname="MorraTest" time="0"/>
  <testcase name="test952" classname="MorraTest" time="0"/>
  <testcase name="test958" classname="MorraTest" time="0.001"/>
  <testcase name="test969" classname="MorraTest" time="0.001"/>
  <testcase name="test972" classname="MorraTest" time="0"/>
  <testcase name="test974" classname="MorraTest" time="0.001"/>
  <testcase name="test977" classname="MorraTest" time="0"/>
  <testcase name="test992" classname="MorraTest" time="0.001"/>
  <testcase name="test996" classname="MorraTest" time="0"/>
  <testcase name="test998" classname="MorraTest" time="0"/>
  <testcase name="test999" classname="MorraTest" time="0"/>
  <testcase name="test1002" classname="MorraTest" time="0"/>
  <testcase name="test1022" classname="MorraTest" time="0"/>
  <testcase name="test1037" classname="MorraTest" time="0.001"/>
  <testcase name="test1042" classname="MorraTest" time="0.001"/>
  <testcase name="test1044" classname="MorraTest" time="0.001"/>
  <testcase name="test1053" classname="MorraTest" time="0"/>
  <testcase name="test1055" classname="MorraTest" time="0"/>
  <testcase name="test1061" classname="MorraTest" time="0"/>
  <testcase name="test1070" classname="MorraTest" time="0"/>
  <testcase name="test1080" classname="MorraTest" time="0"/>
  <testcase name="test1085" classname="MorraTest" time="0"/>
  <testcase name="test1093" classname="MorraTest" time="0.001"/>
  <testcase name="test1104" classname="MorraTest" time="0.001"/>
  <testcase name="test1109" classname="MorraTest" time="0"/>
  <testcase name="test1116" classname="MorraTest" time="0"/>
  <testcase name="test1118" classname="MorraTest" time="0"/>
  <testcase name="test1124" classname="MorraTest" time="0"/>
  <testcase name="test1142" classname="MorraTest" time="0"/>
  <testcase name="test1143" classname="MorraTest" time="0"/>
  <testcase name="test1149" classname="MorraTest" time="0.001"/>
  <testcase name="test1163" classname="MorraTest" time="0"/>
  <testcase name="test1181" classname="MorraTest" time="0"/>
  <testcase name="test1188" classname="MorraTest" time="0"/>
  <testcase name="test1193" classname="MorraTest" time="0"/>
  <testcase name="test1198" classname="MorraTest" time="0"/>
  <testcase name="test1200" classname="MorraTest" time="0"/>
  <testcase name="test1208" classname="MorraTest" time="0"/>
  <testcase name="test1209" classname="MorraTest" time="0"/>
  <testcase name="test1255" classname="MorraTest" time="0"/>
  <testcase name="test1258" classname="MorraTest" time="0"/>
  <testcase name="test1267" classname="MorraTest" time="0"/>
  <testcase name="test1273" classname="MorraTest" time="0"/>
  <testcase name="test1280" classname="MorraTest" time="0.001"/>
  <testcase name="test1281" classname="MorraTest" time="0"/>
  <testcase name="test1284" classname="MorraTest" time="0.001"/>
  <testcase name="test1299" classname="MorraTest" time="0"/>
  <testcase name="test1300" classname="MorraTest" time="0.006"/>
  <testcase name="test1301" classname="MorraTest" time="0"/>
  <testcase name="test1307" classname="MorraTest" time="0.001"/>
  <testcase name="test1323" classname="MorraTest" time="0.001"/>
  <testcase name="test1326" classname="MorraTest" time="0"/>
  <testcase name="test1329" classname="MorraTest" time="0.001"/>
  <testcase name="test1330" classname="MorraTest" time="0"/>
  <testcase name="test1335" classname="MorraTest" time="0"/>
  <testcase name="test1341" classname="MorraTest" time="0.001"/>
  <testcase name="test1342" classname="MorraTest" time="0.001"/>
  <testcase name="test1362" classname="MorraTest" time="0"/>
  <testcase name="test1365" classname="MorraTest" time="0.003"/>
  <testcase name="test1372" classname="MorraTest" time="0"/>
  <testcase name="test1378" classname="MorraTest" time="0.001"/>
  <testcase name="test1382" classname="MorraTest" time="0"/>
  <testcase name="test1383" classname="MorraTest" time="0.001"/>
  <testcase name="test1387" classname="MorraTest" time="0"/>
  <testcase name="test1392" classname="MorraTest" time="0.001"/>
  <testcase name="test1400" classname="MorraTest" time="0"/>
  <testcase name="test1401" classname="MorraTest" time="0.001"/>
  <testcase name="test1404" classname="MorraTest" time="0"/>
  <testcase name="test1423" classname="MorraTest" time="0"/>
  <testcase name="test1438" classname="MorraTest" time="0"/>
  <testcase name="test1451" classname="MorraTest" time="0"/>
  <testcase name="test1463" classname="MorraTest" time="0"/>
  <testcase name="test1465" classname="MorraTest" time="0"/>
  <testcase name="test1466" classname="MorraTest" time="0"/>
  <testcase name="test1470" classname="MorraTest" time="0"/>
  <testcase name="test1474" classname="MorraTest" time="0"/>
  <testcase name="test1485" classname="MorraTest" time="0"/>
  <testcase name="test1486" classname="MorraTest" time="0"/>
  <testcase name="test1502" classname="MorraTest" time="0"/>
  <testcase name="test1503" classname="MorraTest" time="0.001"/>
  <testcase name="test1531" classname="MorraTest" time="0"/>
  <testcase name="test1542" classname="MorraTest" time="0"/>
  <testcase name="test1545" classname="MorraTest" time="0"/>
  <testcase name="test1551" classname="MorraTest" time="0.001"/>
  <testcase name="test1552" classname="MorraTest" time="0"/>
  <testcase name="test1555" classname="MorraTest" time="0"/>
  <testcase name="test1560" classname="MorraTest" time="0.001"/>
  <testcase name="test1562" classname="MorraTest" time="0"/>
  <testcase name="test1567" classname="MorraTest" time="0"/>
  <testcase name="test1583" classname="MorraTest" time="0"/>
  <testcase name="test1584" classname="MorraTest" time="0"/>
  <testcase name="test1586" classname="MorraTest" time="0"/>
  <testcase name="test1587" classname="MorraTest" time="0.001"/>
  <testcase name="test1592" classname="MorraTest" time="0"/>
  <testcase name="test1593" classname="MorraTest" time="0"/>
  <testcase name="test1595" classname="MorraTest" time="0.001"/>
  <testcase name="test1598" classname="MorraTest" time="0"/>
  <testcase name="test1599" classname="MorraTest" time="0"/>
  <testcase name="test1608" classname="MorraTest" time="0"/>
  <testcase name="test1611" classname="MorraTest" time="0"/>
  <testcase name="test1618" classname="MorraTest" time="0.001"/>
  <testcase name="test1620" classname="MorraTest" time="0"/>
  <testcase name="test1624" classname="MorraTest" time="0"/>
  <testcase name="test1634" classname="MorraTest" time="0"/>
  <testcase name="test1655" classname="MorraTest" time="0"/>
  <testcase name="test1677" classname="MorraTest" time="0"/>
  <testcase name="test1697" classname="MorraTest" time="0"/>
  <testcase name="test1711" classname="MorraTest" time="0"/>
  <testcase name="test1736" classname="MorraTest" time="0"/>
  <testcase name="test1740" classname="MorraTest" time="0"/>
  <testcase name="test1741" classname="MorraTest" time="0.001"/>
  <testcase name="test1756" classname="MorraTest" time="0"/>
  <testcase name="test1766" classname="MorraTest" time="0"/>
  <testcase name="test1776" classname="MorraTest" time="0"/>
  <testcase name="test1778" classname="MorraTest" time="0"/>
  <testcase name="test1783" classname="MorraTest" time="0.001"/>
  <testcase name="test1784" classname="MorraTest" time="0"/>
  <testcase name="test1792" classname="MorraTest" time="0"/>
  <testcase name="test1793" classname="MorraTest" time="0.001"/>
  <testcase name="test1794" classname="MorraTest" time="0.001"/>
  <testcase name="test1796" classname="MorraTest" time="0.001"/>
  <testcase name="test1808" classname="MorraTest" time="0"/>
  <testcase name="test1822" classname="MorraTest" time="0"/>
  <testcase name="test1830" classname="MorraTest" time="0"/>
  <testcase name="test1851" classname="MorraTest" time="0"/>
  <testcase name="test1855" classname="MorraTest" time="0"/>
  <testcase name="test1861" classname="MorraTest" time="0"/>
  <testcase name="test1864" classname="MorraTest" time="0"/>
  <testcase name="test1868" classname="MorraTest" time="0"/>
  <testcase name="test1872" classname="MorraTest" time="0.001"/>
  <testcase name="test1881" classname="MorraTest" time="0"/>
  <testcase name="test1899" classname="MorraTest" time="0"/>
  <testcase name="test1902" classname="MorraTest" time="0"/>
  <testcase name="test1904" classname="MorraTest" time="0"/>
  <testcase name="test1918" classname="MorraTest" time="0"/>
  <testcase name="test1926" classname="MorraTest" time="0"/>
  <testcase name="test1937" classname="MorraTest" time="0.001"/>
  <testcase name="test1947" classname="MorraTest" time="0"/>
  <testcase name="test1954" classname="MorraTest" time="0.001"/>
  <testcase name="test1960" classname="MorraTest" time="0"/>
  <testcase name="test1974" classname="MorraTest" time="0"/>
  <testcase name="test1976" classname="MorraTest" time="0"/>
  <testcase name="test2013" classname="MorraTest" time="0"/>
  <testcase name="test2026" classname="MorraTest" time="0"/>
  <testcase name="test2028" classname="MorraTest" time="0.001"/>
  <testcase name="test2032" classname="MorraTest" time="0"/>
  <testcase name="test2035" classname="MorraTest" time="0"/>
  <testcase name="test2039" classname="MorraTest" time="0"/>
  <testcase name="test2047" classname="MorraTest" time="0.001"/>
  <testcase name="test2056" classname="MorraTest" time="0.001"/>
  <testcase name="test2060" classname="MorraTest" time="0.001"/>
  <testcase name="test2062" classname="MorraTest" time="0"/>
  <testcase name="test2079" classname="MorraTest" time="0"/>
  <testcase name="test2080" classname="MorraTest" time="0"/>
  <testcase name="test2082" classname="MorraTest" time="0"/>
  <testcase name="test2097" classname="MorraTest" time="0"/>
  <testcase name="test2099" classname="MorraTest" time="0"/>
  <testcase name="test2102" classname="MorraTest" time="0"/>
  <testcase name="test2104" classname="MorraTest" time="0"/>
  <testcase name="test2105" classname="MorraTest" time="0"/>
  <testcase name="test2109" classname="MorraTest" time="0.001"/>
  <testcase name="test2125" classname="MorraTest" time="0"/>
  <testcase name="test2136" classname="MorraTest" time="0.001"/>
  <testcase name="test2144" classname="MorraTest" time="0"/>
  <testcase name="test2152" classname="MorraTest" time="0.001"/>
  <testcase name="test2163" classname="MorraTest" time="0"/>
  <testcase name="test2183" classname="MorraTest" time="0.001"/>
  <testcase name="test2197" classname="MorraTest" time="0"/>
  <testcase name="test2204" classname="MorraTest" time="0.001"/>
  <testcase name="test2206" classname="MorraTest" time="0"/>
  <testcase name="test2219" classname="MorraTest" time="0.001"/>
  <testcase name="test2231" classname="MorraTest" time="0.001"/>
  <testcase name="test2232" classname="MorraTest" time="0"/>
  <testcase name="test2240" classname="MorraTest" time="0.001"/>
  <testcase name="test2242" classname="MorraTest" time="0"/>
  <testcase name="test2245" classname="MorraTest" time="0"/>
  <testcase name="test2248" classname="MorraTest" time="0"/>
  <testcase name="test2249" classname="MorraTest" time="0"/>
  <testcase name="test2262" classname="MorraTest" time="0.001"/>
  <testcase name="test2263" classname="MorraTest" time="0"/>
  <testcase name="test2269" classname="MorraTest" time="0"/>
  <testcase name="test2276" classname="MorraTest" time="0"/>
  <testcase name="test2277" classname="MorraTest" time="0"/>
  <testcase name="test2282" classname="MorraTest" time="0.001"/>
  <testcase name="test2290" classname="MorraTest" time="0"/>
  <testcase name="test2304" classname="MorraTest" time="0"/>
  <testcase name="test2305" classname="MorraTest" time="0"/>
  <testcase name="test2340" classname="MorraTest" time="0"/>
  <testcase name="test2343" classname="MorraTest" time="0.001"/>
  <testcase name="test2344" classname="MorraTest" time="0"/>
  <testcase name="test2356" classname="MorraTest" time="0"/>
  <testcase name="test2365" classname="MorraTest" time="0"/>
  <testcase name="test2366" classname="MorraTest" time="0"/>
  <testcase name="test2380" classname="MorraTest" time="0"/>
  <testcase name="test2387" classname="MorraTest" time="0.001"/>
  <testcase name="test2388" classname="MorraTest" time="0"/>
  <testcase name="test2397" classname="MorraTest" time="0"/>
  <testcase name="test2400" classname="MorraTest" time="0"/>
  <testcase name="test2402" classname="MorraTest" time="0.001"/>
  <testcase name="test2422" classname="MorraTest" time="0"/>
  <testcase name="test2426" classname="MorraTest" time="0"/>
  <testcase name="test2440" classname="MorraTest" time="0"/>
  <testcase name="test2450" classname="MorraTest" time="0"/>
  <testcase name="test2452" classname="MorraTest" time="0.001"/>
  <testcase name="test2454" classname="MorraTest" time="0"/>
  <testcase name="test2456" classname="MorraTest" time="0.001"/>
  <testcase name="test2472" classname="MorraTest" time="0"/>
  <testcase name="test2478" classname="MorraTest" time="0.001"/>
  <testcase name="test2481" classname="MorraTest" time="0"/>
  <testcase name="test2482" classname="MorraTest" time="0"/>
  <testcase name="test2486" classname="MorraTest" time="0"/>
  <testcase name="test2495" classname="MorraTest" time="0"/>
  <testcase name="test2507" classname="MorraTest" time="0"/>
  <testcase name="test2511" classname="MorraTest" time="0"/>
  <testcase name="test2515" classname="MorraTest" time="0"/>
  <testcase name="test2520" classname="MorraTest" time="0"/>
  <testcase name="test2523" classname="MorraTest" time="0.001"/>
  <testcase name="test2556" classname="MorraTest" time="0"/>
  <testcase name="test2557" classname="MorraTest" time="0"/>
  <testcase name="test2562" classname="MorraTest" time="0"/>
  <testcase name="test2582" classname="MorraTest" time="0"/>
  <testcase name="test2583" classname="MorraTest" time="0.001"/>
  <testcase name="test2588" classname="MorraTest" time="0"/>
  <testcase name="test2593" classname="MorraTest" time="0"/>
  <testcase name="test2595" classname="MorraTest" time="0"/>
  <testcase name="test2600" classname="MorraTest" time="0"/>
  <testcase name="test2601" classname="MorraTest" time="0.001"/>
  <testcase name="test2602" classname="MorraTest" time="0"/>
  <testcase name="test2603" classname="MorraTest" time="0"/>
  <testcase name="test2604" classname="MorraTest" time="0"/>
  <testcase name="test2612" classname="MorraTest" time="0"/>
  <testcase name="test2616" classname="MorraTest" time="0.001"/>
  <testcase name="test2618" classname="MorraTest" time="0"/>
  <testcase name="test2619" classname="MorraTest" time="0"/>
  <testcase name="test2622" classname="MorraTest" time="0.001"/>
  <testcase name="test2658" classname="MorraTest" time="0"/>
  <testcase name="test2661" classname="MorraTest" time="0"/>
  <testcase name="test2663" classname="MorraTest" time="0.001"/>
  <testcase name="test2691" classname="MorraTest" time="0"/>
  <testcase name="test2693" classname="MorraTest" time="0.001"/>
  <testcase name="test2705" classname="MorraTest" time="0"/>
  <testcase name="test2713" classname="MorraTest" time="0"/>
  <testcase name="test2714" classname="MorraTest" time="0"/>
  <testcase name="test2730" classname="MorraTest" time="0"/>
  <testcase name="test2753" classname="MorraTest" time="0"/>
  <testcase name="test2774" classname="MorraTest" time="0.001"/>
  <testcase name="test2783" classname="MorraTest" time="0"/>
  <testcase name="test2800" classname="MorraTest" time="0.001"/>
  <testcase name="test2802" classname="MorraTest" time="0"/>
  <testcase name="test2814" classname="MorraTest" time="0"/>
  <testcase name="test2816" classname="MorraTest" time="0"/>
  <testcase name="test2823" classname="MorraTest" time="0"/>
  <testcase name="test2825" classname="MorraTest" time="0"/>
  <testcase name="test2849" classname="MorraTest" time="0"/>
  <testcase name="test2864" classname="MorraTest" time="0"/>
  <testcase name="test2866" classname="MorraTest" time="0.001"/>
  <testcase name="test2869" classname="MorraTest" time="0"/>
  <testcase name="test2870" classname="MorraTest" time="0.002"/>
  <testcase name="test2871" classname="MorraTest" time="0.001"/>
  <testcase name="test2875" classname="MorraTest" time="0"/>
  <testcase name="test2880" classname="MorraTest" time="0"/>
  <testcase name="test2884" classname="MorraTest" time="0.001"/>
  <testcase name="test2893" classname="MorraTest" time="0.001"/>
  <testcase name="test2894" classname="MorraTest" time="0"/>
  <testcase name="test2904" classname="MorraTest" time="0"/>
  <testcase name="test2924" classname="MorraTest" time="0"/>
  <testcase name="test2925" classname="MorraTest" time="0"/>
  <testcase name="test2939" classname="MorraTest" time="0"/>
  <testcase name="test2941" classname="MorraTest" time="0"/>
  <testcase name="test2956" classname="MorraTest" time="0.001"/>
  <testcase name="test2963" classname="MorraTest" time="0"/>
  <testcase name="test2964" classname="MorraTest" time="0.001"/>
  <testcase name="test2995" classname="MorraTest" time="0"/>
  <testcase name="test3000" classname="MorraTest" time="0"/>
  <testcase name="test3002" classname="MorraTest" time="0"/>
  <testcase name="test3011" classname="MorraTest" time="0"/>
  <testcase name="test3021" classname="MorraTest" time="0.001"/>
  <testcase name="test3023" classname="MorraTest" time="0"/>
  <testcase name="test3031" classname="MorraTest" time="0"/>
  <testcase name="test3054" classname="MorraTest" time="0.001"/>
  <testcase name="test3074" classname="MorraTest" time="0"/>
  <testcase name="test3095" classname="MorraTest" time="0"/>
  <testcase name="test3108" classname="MorraTest" time="0.001"/>
  <testcase name="test3116" classname="MorraTest" time="0"/>
  <testcase name="test3117" classname="MorraTest" time="0.001"/>
  <testcase name="test3126" classname="MorraTest" time="0"/>
  <testcase name="test3163" classname="MorraTest" time="0"/>
  <testcase name="test3181" classname="MorraTest" time="0"/>
  <testcase name="test3222" classname="MorraTest" time="0"/>
  <testcase name="test3241" classname="MorraTest" time="0.001"/>
  <testcase name="test3244" classname="MorraTest" time="0"/>
  <testcase name="test3250" classname="MorraTest" time="0"/>
  <testcase name="test3256" classname="MorraTest" time="0"/>
  <testcase name="test3267" classname="MorraTest" time="0"/>
  <testcase name="test3317" classname="MorraTest" time="0.001"/>
  <testcase name="test3318" classname="MorraTest" time="0"/>
  <testcase name="test3322" classname="MorraTest" time="0"/>
  <testcase name="test3328" classname="MorraTest" time="0.001"/>
  <testcase name="test3346" classname="MorraTest" time="0"/>
  <testcase name="test3353" classname="MorraTest" time="0"/>
  <testcase name="test3358" classname="MorraTest" time="0"/>
  <testcase name="test3360" classname="MorraTest" time="0"/>
  <testcase name="test3386" classname="MorraTest" time="0"/>
  <testcase name="test3394" classname="MorraTest" time="0"/>
  <testcase name="test3414" classname="MorraTest" time="0.002"/>
  <testcase name="test3417" classname="MorraTest" time="0"/>
  <testcase name="test3422" classname="MorraTest" time="0"/>
  <testcase name="test3426" classname="MorraTest" time="0"/>
  <testcase name="test3429" classname="MorraTest" time="0"/>
  <testcase name="test3432" classname="MorraTest" time="0"/>
  <testcase name="test3438" classname="MorraTest" time="0.001"/>
  <testcase name="test3452" classname="MorraTest" time="0"/>
  <testcase name="test3459" classname="MorraTest" time="0"/>
  <testcase name="test3465" classname="MorraTest" time="0.001"/>
  <testcase name="test3469" classname="MorraTest" time="0"/>
  <testcase name="test3475" classname="MorraTest" time="0"/>
  <testcase name="test3477" classname="MorraTest" time="0.001"/>
  <testcase name="test3484" classname="MorraTest" time="0"/>
  <testcase name="test3545" classname="MorraTest" time="0"/>
  <testcase name="test3557" classname="MorraTest" time="0.001"/>
  <testcase name="test3559" classname="MorraTest" time="0"/>
  <testcase name="test3579" classname="MorraTest" time="0"/>
  <testcase name="test3583" classname="MorraTest" time="0"/>
  <testcase name="test3590" classname="MorraTest" time="0.001"/>
  <testcase name="test3604" classname="MorraTest" time="0"/>
  <testcase name="test3609" classname="MorraTest" time="0.001"/>
  <testcase name="test3614" classname="MorraTest" time="0"/>
  <testcase name="test3631" classname="MorraTest" time="0"/>
  <testcase name="test3637" classname="MorraTest" time="0"/>
  <testcase name="test3643" classname="MorraTest" time="0"/>
  <testcase name="test3650" classname="MorraTest" time="0"/>
  <testcase name="test3658" classname="MorraTest" time="0.001"/>
  <testcase name="test3662" classname="MorraTest" time="0"/>
  <testcase name="test3670" classname="MorraTest" time="0.001"/>
  <testcase name="test3676" classname="MorraTest" time="0"/>
  <testcase name="test3678" classname="MorraTest" time="0.001"/>
  <testcase name="test3682" classname="MorraTest" time="0"/>
  <testcase name="test3684" classname="MorraTest" time="0"/>
  <testcase name="test3686" classname="MorraTest" time="0"/>
  <testcase name="test3688" classname="MorraTest" time="0"/>
  <testcase name="test3691" classname="MorraTest" time="0"/>
  <testcase name="test3692" classname="MorraTest" time="0"/>
  <testcase name="test3696" classname="MorraTest" time="0"/>
  <testcase name="test3699" classname="MorraTest" time="0"/>
  <testcase name="test3706" classname="MorraTest" time="0"/>
  <testcase name="test3722" classname="MorraTest" time="0"/>
  <testcase name="test3739" classname="MorraTest" time="0"/>
  <testcase name="test3747" classname="MorraTest" time="0.002"/>
  <testcase name="test3750" classname="MorraTest" time="0"/>
  <testcase name="test3751" classname="MorraTest" time="0"/>
  <testcase name="test3752" classname="MorraTest" time="0"/>
  <testcase name="test3759" classname="MorraTest" time="0"/>
  <testcase name="test3760" classname="MorraTest" time="0.001"/>
  <testcase name="test3766" classname="MorraTest" time="0"/>
  <testcase name="test3775" classname="MorraTest" time="0"/>
  <testcase name="test3780" classname="MorraTest" time="0.001"/>
  <testcase name="test3781" classname="MorraTest" time="0"/>
  <testcase name="test3790" classname="MorraTest" time="0"/>
  <testcase name="test3791" classname="MorraTest" time="0"/>
  <testcase name="test3793" classname="MorraTest" time="0.001"/>
  <testcase name="test3797" classname="MorraTest" time="0"/>
  <testcase name="test3819" classname="MorraTest" time="0"/>
  <testcase name="test3822" classname="MorraTest" time="0"/>
  <testcase name="test3833" classname="MorraTest" time="0"/>
  <testcase name="test3840" classname="MorraTest" time="0"/>
  <testcase name="test3857" classname="MorraTest" time="0"/>
  <testcase name="test3860" classname="MorraTest" time="0"/>
  <testcase name="test3864" classname="MorraTest" time="0"/>
  <testcase name="test3866" classname="MorraTest" time="0"/>
  <testcase name="test3871" classname="MorraTest" time="0.001"/>
  <testcase name="test3874" classname="MorraTest" time="0"/>
  <testcase name="test3875" classname="MorraTest" time="0"/>
  <testcase name="test3886" classname="MorraTest" time="0"/>
  <testcase name="test3897" classname="MorraTest" time="0"/>
  <testcase name="test3899" classname="MorraTest" time="0"/>
  <testcase name="test3918" classname="MorraTest" time="0.004"/>
  <testcase name="test3931" classname="MorraTest" time="0"/>
  <testcase name="test3949" classname="MorraTest" time="0"/>
  <testcase name="test3953" classname="MorraTest" time="0"/>
  <testcase name="test3954" classname="MorraTest" time="0"/>
  <testcase name="test3955" classname="MorraTest" time="0"/>
  <testcase name="test3957" classname="MorraTest" time="0"/>
  <testcase name="test3958" classname="MorraTest" time="0"/>
  <testcase name="test3974" classname="MorraTest" time="0"/>
  <testcase name="test3984" classname="MorraTest" time="0"/>
  <testcase name="test3987" classname="MorraTest" time="0"/>
  <testcase name="test4013" classname="MorraTest" time="0"/>
  <testcase name="test4024" classname="MorraTest" time="0"/>
  <testcase name="test4033" classname="MorraTest" time="0"/>
  <testcase name="test4054" classname="MorraTest" time="0"/>
  <testcase name="test4075" classname="MorraTest" time="0"/>
  <testcase name="test4082" classname="MorraTest" time="0.001"/>
  <testcase name="test4086" classname="MorraTest" time="0"/>
  <testcase name="test4101" classname="MorraTest" time="0"/>
  <testcase name="test4117" classname="MorraTest" time="0"/>
  <testcase name="test4118" classname="MorraTest" time="0"/>
  <testcase name="test4134" classname="MorraTest" time="0"/>
  <testcase name="test4139" classname="MorraTest" time="0"/>
  <testcase name="test4163" classname="MorraTest" time="0"/>
  <testcase name="test4164" classname="MorraTest" time="0"/>
  <testcase name="test4165" classname="MorraTest" time="0"/>
  <testcase name="test4175" classname="MorraTest" time="0"/>
  <testcase name="test4186" classname="MorraTest" time="0"/>
  <testcase name="test4203" classname="MorraTest" time="0"/>
  <testcase name="test4208" classname="MorraTest" time="0"/>
  <testcase name="test4210" classname="MorraTest" time="0"/>
  <testcase name="test4216" classname="MorraTest" time="0"/>
  <testcase name="test4218" classname="MorraTest" time="0"/>
  <testcase name="test4222" classname="MorraTest" time="0.001"/>
  <testcase name="test4236" classname="MorraTest" time="0"/>
  <testcase name="test4244" classname="MorraTest" time="0"/>
  <testcase name="test4258" classname="MorraTest" time="0"/>
  <testcase name="test4278" classname="MorraTest" time="0"/>
  <testcase name="test4280" classname="MorraTest" time="0"/>
  <testcase name="test4287" classname="MorraTest" time="0"/>
  <testcase name="test4302" classname="MorraTest" time="0"/>
  <testcase name="test4305" classname="MorraTest" time="0"/>
  <testcase name="test4309" classname="MorraTest" time="0"/>
  <testcase name="test4313" classname="MorraTest" time="0"/>
  <testcase name="test4320" classname="MorraTest" time="0.001"/>
  <testcase name="test4339" classname="MorraTest" time="0"/>
  <testcase name="test4352" classname="MorraTest" time="0"/>
  <testcase name="test11" classname="MorraTest" time="0"/>
  <testcase name="test33" classname="MorraTest" time="0"/>
  <testcase name="test34" classname="MorraTest" time="0"/>
  <testcase name="test36" classname="MorraTest" time="0.001"/>
  <testcase name="test38" classname="MorraTest" time="0"/>
  <testcase name="test50" classname="MorraTest" time="0"/>
  <testcase name="test56" classname="MorraTest" time="0"/>
  <testcase name="test61" classname="MorraTest" time="0"/>
  <testcase name="test75" classname="MorraTest" time="0"/>
  <testcase name="test76" classname="MorraTest" time="0"/>
  <testcase name="test83" classname="MorraTest" time="0"/>
  <testcase name="test85" classname="MorraTest" time="0"/>
  <testcase name="test86" classname="MorraTest" time="0"/>
</testsuite>